{"C:\\Users\\Computer\\Desktop\\New folder (3)\\MyCliLibrary.js": {"path":"C:\\Users\\Computer\\Desktop\\New folder (3)\\MyCliLibrary.js","statementMap":{"0":{"start":{"line":1,"column":16},"end":{"line":1,"column":34}},"1":{"start":{"line":2,"column":26},"end":{"line":2,"column":56}},"2":{"start":{"line":9,"column":2},"end":{"line":30,"column":3}},"3":{"start":{"line":10,"column":28},"end":{"line":10,"column":114}},"4":{"start":{"line":10,"column":58},"end":{"line":10,"column":111}},"5":{"start":{"line":11,"column":0},"end":{"line":11,"column":36}},"6":{"start":{"line":13,"column":4},"end":{"line":13,"column":118}},"7":{"start":{"line":13,"column":38},"end":{"line":13,"column":116}},"8":{"start":{"line":14,"column":4},"end":{"line":14,"column":135}},"9":{"start":{"line":14,"column":39},"end":{"line":14,"column":119}},"10":{"start":{"line":14,"column":120},"end":{"line":14,"column":133}},"11":{"start":{"line":16,"column":34},"end":{"line":16,"column":74}},"12":{"start":{"line":19,"column":4},"end":{"line":21,"column":5}},"13":{"start":{"line":20,"column":6},"end":{"line":20,"column":173}},"14":{"start":{"line":20,"column":70},"end":{"line":20,"column":172}},"15":{"start":{"line":23,"column":4},"end":{"line":23,"column":184}},"16":{"start":{"line":23,"column":64},"end":{"line":23,"column":169}},"17":{"start":{"line":23,"column":170},"end":{"line":23,"column":182}},"18":{"start":{"line":24,"column":4},"end":{"line":24,"column":50}},"19":{"start":{"line":28,"column":4},"end":{"line":28,"column":31}},"20":{"start":{"line":29,"column":3},"end":{"line":29,"column":18}},"21":{"start":{"line":40,"column":0},"end":{"line":40,"column":43}}},"fnMap":{"0":{"name":"requiredOptionsHandler","decl":{"start":{"line":8,"column":9},"end":{"line":8,"column":31}},"loc":{"start":{"line":8,"column":66},"end":{"line":36,"column":1}},"line":8},"1":{"name":"(anonymous_1)","decl":{"start":{"line":10,"column":48},"end":{"line":10,"column":49}},"loc":{"start":{"line":10,"column":56},"end":{"line":10,"column":113}},"line":10}},"branchMap":{"0":{"loc":{"start":{"line":10,"column":65},"end":{"line":10,"column":111}},"type":"binary-expr","locations":[{"start":{"line":10,"column":65},"end":{"line":10,"column":86}},{"start":{"line":10,"column":90},"end":{"line":10,"column":111}}],"line":10},"1":{"loc":{"start":{"line":13,"column":4},"end":{"line":13,"column":118}},"type":"if","locations":[{"start":{"line":13,"column":4},"end":{"line":13,"column":118}},{"start":{},"end":{}}],"line":13},"2":{"loc":{"start":{"line":14,"column":4},"end":{"line":14,"column":135}},"type":"if","locations":[{"start":{"line":14,"column":4},"end":{"line":14,"column":135}},{"start":{},"end":{}}],"line":14},"3":{"loc":{"start":{"line":19,"column":4},"end":{"line":21,"column":5}},"type":"if","locations":[{"start":{"line":19,"column":4},"end":{"line":21,"column":5}},{"start":{},"end":{}}],"line":19},"4":{"loc":{"start":{"line":20,"column":6},"end":{"line":20,"column":173}},"type":"if","locations":[{"start":{"line":20,"column":6},"end":{"line":20,"column":173}},{"start":{},"end":{}}],"line":20},"5":{"loc":{"start":{"line":23,"column":4},"end":{"line":23,"column":184}},"type":"if","locations":[{"start":{"line":23,"column":4},"end":{"line":23,"column":184}},{"start":{},"end":{}}],"line":23}},"s":{"0":1,"1":1,"2":4,"3":4,"4":16,"5":4,"6":4,"7":1,"8":3,"9":0,"10":0,"11":3,"12":3,"13":2,"14":1,"15":2,"16":1,"17":0,"18":1,"19":3,"20":3,"21":1},"f":{"0":4,"1":16},"b":{"0":[16,11],"1":[1,3],"2":[0,3],"3":[2,1],"4":[1,1],"5":[1,1]},"_coverageSchema":"1a1c01bbd47fc00a2c39e90264f33305004495a9","hash":"d7b8727092a3fa6849a0b2b49250ea71c237153a"}
,"C:\\Users\\Computer\\Desktop\\New folder (3)\\streams.js": {"path":"C:\\Users\\Computer\\Desktop\\New folder (3)\\streams.js","statementMap":{"0":{"start":{"line":4,"column":18},"end":{"line":4,"column":47}},"1":{"start":{"line":8,"column":11},"end":{"line":8,"column":24}},"2":{"start":{"line":9,"column":21},"end":{"line":9,"column":38}},"3":{"start":{"line":13,"column":26},"end":{"line":62,"column":1}},"4":{"start":{"line":15,"column":4},"end":{"line":15,"column":12}},"5":{"start":{"line":16,"column":4},"end":{"line":16,"column":13}},"6":{"start":{"line":20,"column":4},"end":{"line":46,"column":10}},"7":{"start":{"line":21,"column":8},"end":{"line":26,"column":57}},"8":{"start":{"line":21,"column":25},"end":{"line":21,"column":52}},"9":{"start":{"line":23,"column":17},"end":{"line":26,"column":57}},"10":{"start":{"line":24,"column":12},"end":{"line":24,"column":33}},"11":{"start":{"line":25,"column":12},"end":{"line":25,"column":46}},"12":{"start":{"line":26,"column":17},"end":{"line":26,"column":56}},"13":{"start":{"line":30,"column":8},"end":{"line":40,"column":13}},"14":{"start":{"line":30,"column":26},"end":{"line":30,"column":55}},"15":{"start":{"line":31,"column":13},"end":{"line":40,"column":13}},"16":{"start":{"line":33,"column":12},"end":{"line":33,"column":53}},"17":{"start":{"line":38,"column":9},"end":{"line":38,"column":49}},"18":{"start":{"line":44,"column":19},"end":{"line":44,"column":48}},"19":{"start":{"line":45,"column":8},"end":{"line":45,"column":30}},"20":{"start":{"line":47,"column":4},"end":{"line":54,"column":9}},"21":{"start":{"line":52,"column":23},"end":{"line":52,"column":59}},"22":{"start":{"line":69,"column":0},"end":{"line":69,"column":47}}},"fnMap":{"0":{"name":"(anonymous_0)","decl":{"start":{"line":13,"column":26},"end":{"line":13,"column":27}},"loc":{"start":{"line":13,"column":80},"end":{"line":62,"column":1}},"line":13},"1":{"name":"(anonymous_1)","decl":{"start":{"line":52,"column":12},"end":{"line":52,"column":13}},"loc":{"start":{"line":52,"column":21},"end":{"line":52,"column":61}},"line":52}},"branchMap":{"0":{"loc":{"start":{"line":21,"column":8},"end":{"line":26,"column":57}},"type":"if","locations":[{"start":{"line":21,"column":8},"end":{"line":26,"column":57}},{"start":{"line":23,"column":17},"end":{"line":26,"column":57}}],"line":21},"1":{"loc":{"start":{"line":23,"column":17},"end":{"line":26,"column":57}},"type":"if","locations":[{"start":{"line":23,"column":17},"end":{"line":26,"column":57}},{"start":{"line":26,"column":16},"end":{"line":26,"column":57}}],"line":23},"2":{"loc":{"start":{"line":30,"column":8},"end":{"line":40,"column":13}},"type":"if","locations":[{"start":{"line":30,"column":8},"end":{"line":40,"column":13}},{"start":{"line":31,"column":13},"end":{"line":40,"column":13}}],"line":30},"3":{"loc":{"start":{"line":31,"column":13},"end":{"line":40,"column":13}},"type":"if","locations":[{"start":{"line":31,"column":13},"end":{"line":40,"column":13}},{"start":{"line":37,"column":13},"end":{"line":40,"column":13}}],"line":31}},"s":{"0":1,"1":1,"2":1,"3":1,"4":2,"5":2,"6":2,"7":2,"8":1,"9":1,"10":0,"11":0,"12":1,"13":1,"14":0,"15":1,"16":0,"17":1,"18":2,"19":2,"20":0,"21":0,"22":1},"f":{"0":2,"1":0},"b":{"0":[1,1],"1":[0,1],"2":[0,1],"3":[0,1]},"_coverageSchema":"1a1c01bbd47fc00a2c39e90264f33305004495a9","hash":"92ffd1bd8d834562aa2b6fa3f814d350d72497ca"}
,"C:\\Users\\Computer\\Desktop\\New folder (3)\\Cipers\\ceasarEncryptionLogic.js": {"path":"C:\\Users\\Computer\\Desktop\\New folder (3)\\Cipers\\ceasarEncryptionLogic.js","statementMap":{"0":{"start":{"line":4,"column":6},"end":{"line":4,"column":16}},"1":{"start":{"line":5,"column":6},"end":{"line":5,"column":14}},"2":{"start":{"line":12,"column":6},"end":{"line":21,"column":7}},"3":{"start":{"line":13,"column":8},"end":{"line":13,"column":23}},"4":{"start":{"line":14,"column":8},"end":{"line":14,"column":21}},"5":{"start":{"line":19,"column":8},"end":{"line":19,"column":23}},"6":{"start":{"line":20,"column":8},"end":{"line":20,"column":22}},"7":{"start":{"line":26,"column":6},"end":{"line":26,"column":36}},"8":{"start":{"line":34,"column":18},"end":{"line":34,"column":20}},"9":{"start":{"line":38,"column":19},"end":{"line":38,"column":38}},"10":{"start":{"line":42,"column":6},"end":{"line":87,"column":7}},"11":{"start":{"line":42,"column":19},"end":{"line":42,"column":20}},"12":{"start":{"line":44,"column":8},"end":{"line":48,"column":9}},"13":{"start":{"line":45,"column":10},"end":{"line":45,"column":25}},"14":{"start":{"line":46,"column":10},"end":{"line":46,"column":18}},"15":{"start":{"line":49,"column":8},"end":{"line":49,"column":34}},"16":{"start":{"line":52,"column":24},"end":{"line":52,"column":43}},"17":{"start":{"line":56,"column":8},"end":{"line":67,"column":9}},"18":{"start":{"line":58,"column":10},"end":{"line":61,"column":11}},"19":{"start":{"line":59,"column":12},"end":{"line":59,"column":90}},"20":{"start":{"line":62,"column":10},"end":{"line":65,"column":11}},"21":{"start":{"line":63,"column":12},"end":{"line":63,"column":72}},"22":{"start":{"line":72,"column":8},"end":{"line":85,"column":9}},"23":{"start":{"line":74,"column":10},"end":{"line":77,"column":11}},"24":{"start":{"line":75,"column":12},"end":{"line":75,"column":58}},"25":{"start":{"line":80,"column":10},"end":{"line":83,"column":11}},"26":{"start":{"line":81,"column":12},"end":{"line":81,"column":100}},"27":{"start":{"line":88,"column":6},"end":{"line":88,"column":18}},"28":{"start":{"line":95,"column":19},"end":{"line":95,"column":35}},"29":{"start":{"line":97,"column":6},"end":{"line":97,"column":38}},"30":{"start":{"line":104,"column":0},"end":{"line":104,"column":28}}},"fnMap":{"0":{"name":"(anonymous_0)","decl":{"start":{"line":2,"column":4},"end":{"line":2,"column":5}},"loc":{"start":{"line":2,"column":31},"end":{"line":6,"column":5}},"line":2},"1":{"name":"(anonymous_1)","decl":{"start":{"line":9,"column":4},"end":{"line":9,"column":5}},"loc":{"start":{"line":9,"column":31},"end":{"line":23,"column":5}},"line":9},"2":{"name":"(anonymous_2)","decl":{"start":{"line":25,"column":4},"end":{"line":25,"column":5}},"loc":{"start":{"line":25,"column":29},"end":{"line":27,"column":5}},"line":25},"3":{"name":"(anonymous_3)","decl":{"start":{"line":33,"column":4},"end":{"line":33,"column":5}},"loc":{"start":{"line":33,"column":33},"end":{"line":91,"column":5}},"line":33},"4":{"name":"(anonymous_4)","decl":{"start":{"line":94,"column":4},"end":{"line":94,"column":5}},"loc":{"start":{"line":94,"column":33},"end":{"line":98,"column":5}},"line":94}},"branchMap":{"0":{"loc":{"start":{"line":12,"column":6},"end":{"line":21,"column":7}},"type":"if","locations":[{"start":{"line":12,"column":6},"end":{"line":21,"column":7}},{"start":{"line":18,"column":11},"end":{"line":21,"column":7}}],"line":12},"1":{"loc":{"start":{"line":44,"column":8},"end":{"line":48,"column":9}},"type":"if","locations":[{"start":{"line":44,"column":8},"end":{"line":48,"column":9}},{"start":{},"end":{}}],"line":44},"2":{"loc":{"start":{"line":56,"column":8},"end":{"line":67,"column":9}},"type":"if","locations":[{"start":{"line":56,"column":8},"end":{"line":67,"column":9}},{"start":{},"end":{}}],"line":56},"3":{"loc":{"start":{"line":58,"column":10},"end":{"line":61,"column":11}},"type":"if","locations":[{"start":{"line":58,"column":10},"end":{"line":61,"column":11}},{"start":{},"end":{}}],"line":58},"4":{"loc":{"start":{"line":62,"column":10},"end":{"line":65,"column":11}},"type":"if","locations":[{"start":{"line":62,"column":10},"end":{"line":65,"column":11}},{"start":{},"end":{}}],"line":62},"5":{"loc":{"start":{"line":72,"column":8},"end":{"line":85,"column":9}},"type":"if","locations":[{"start":{"line":72,"column":8},"end":{"line":85,"column":9}},{"start":{},"end":{}}],"line":72},"6":{"loc":{"start":{"line":74,"column":10},"end":{"line":77,"column":11}},"type":"if","locations":[{"start":{"line":74,"column":10},"end":{"line":77,"column":11}},{"start":{},"end":{}}],"line":74},"7":{"loc":{"start":{"line":80,"column":10},"end":{"line":83,"column":11}},"type":"if","locations":[{"start":{"line":80,"column":10},"end":{"line":83,"column":11}},{"start":{},"end":{}}],"line":80}},"s":{"0":1,"1":1,"2":9,"3":2,"4":2,"5":7,"6":7,"7":14,"8":2,"9":2,"10":2,"11":2,"12":14,"13":5,"14":5,"15":9,"16":9,"17":9,"18":5,"19":1,"20":5,"21":4,"22":9,"23":4,"24":2,"25":4,"26":2,"27":2,"28":1,"29":1,"30":2},"f":{"0":1,"1":9,"2":14,"3":2,"4":1},"b":{"0":[2,7],"1":[5,9],"2":[5,4],"3":[1,4],"4":[4,1],"5":[4,5],"6":[2,2],"7":[2,2]},"_coverageSchema":"1a1c01bbd47fc00a2c39e90264f33305004495a9","hash":"5ddd7001094f339fde9beb8a6ad213bae3d2138f"}
,"C:\\Users\\Computer\\Desktop\\New folder (3)\\Errors\\ArumentsError.js": {"path":"C:\\Users\\Computer\\Desktop\\New folder (3)\\Errors\\ArumentsError.js","statementMap":{"0":{"start":{"line":3,"column":8},"end":{"line":3,"column":21}},"1":{"start":{"line":4,"column":8},"end":{"line":4,"column":39}},"2":{"start":{"line":5,"column":9},"end":{"line":5,"column":24}},"3":{"start":{"line":13,"column":0},"end":{"line":13,"column":30}}},"fnMap":{"0":{"name":"(anonymous_0)","decl":{"start":{"line":2,"column":4},"end":{"line":2,"column":5}},"loc":{"start":{"line":2,"column":22},"end":{"line":7,"column":5}},"line":2}},"branchMap":{},"s":{"0":5,"1":5,"2":5,"3":2},"f":{"0":5},"b":{},"_coverageSchema":"1a1c01bbd47fc00a2c39e90264f33305004495a9","hash":"f5469585bed4a28052ac509c2c3cedba0129053f"}
,"C:\\Users\\Computer\\Desktop\\New folder (3)\\Errors\\MyCliError.js": {"path":"C:\\Users\\Computer\\Desktop\\New folder (3)\\Errors\\MyCliError.js","statementMap":{"0":{"start":{"line":3,"column":8},"end":{"line":3,"column":21}},"1":{"start":{"line":4,"column":8},"end":{"line":4,"column":39}},"2":{"start":{"line":5,"column":9},"end":{"line":5,"column":24}},"3":{"start":{"line":11,"column":0},"end":{"line":11,"column":27}}},"fnMap":{"0":{"name":"(anonymous_0)","decl":{"start":{"line":2,"column":4},"end":{"line":2,"column":5}},"loc":{"start":{"line":2,"column":23},"end":{"line":6,"column":5}},"line":2}},"branchMap":{},"s":{"0":3,"1":3,"2":3,"3":1},"f":{"0":3},"b":{},"_coverageSchema":"1a1c01bbd47fc00a2c39e90264f33305004495a9","hash":"7c216d0ba11bb540aa8d02969edcf9c674149890"}
,"C:\\Users\\Computer\\Desktop\\New folder (3)\\Errors\\PathError.js": {"path":"C:\\Users\\Computer\\Desktop\\New folder (3)\\Errors\\PathError.js","statementMap":{"0":{"start":{"line":3,"column":8},"end":{"line":3,"column":21}},"1":{"start":{"line":4,"column":8},"end":{"line":4,"column":39}},"2":{"start":{"line":5,"column":9},"end":{"line":5,"column":24}},"3":{"start":{"line":11,"column":0},"end":{"line":11,"column":24}}},"fnMap":{"0":{"name":"(anonymous_0)","decl":{"start":{"line":2,"column":4},"end":{"line":2,"column":5}},"loc":{"start":{"line":2,"column":23},"end":{"line":6,"column":5}},"line":2}},"branchMap":{},"s":{"0":2,"1":2,"2":2,"3":1},"f":{"0":2},"b":{},"_coverageSchema":"1a1c01bbd47fc00a2c39e90264f33305004495a9","hash":"9719156f218849e0e56096bd0e9eecfbd0c88f00"}
,"C:\\Users\\Computer\\Desktop\\New folder (3)\\functions\\configValidating\\PushFunctionsToArray.js": {"path":"C:\\Users\\Computer\\Desktop\\New folder (3)\\functions\\configValidating\\PushFunctionsToArray.js","statementMap":{"0":{"start":{"line":3,"column":29},"end":{"line":35,"column":1}},"1":{"start":{"line":4,"column":26},"end":{"line":4,"column":28}},"2":{"start":{"line":8,"column":20},"end":{"line":8,"column":35}},"3":{"start":{"line":11,"column":4},"end":{"line":33,"column":5}},"4":{"start":{"line":11,"column":17},"end":{"line":11,"column":18}},"5":{"start":{"line":12,"column":24},"end":{"line":12,"column":34}},"6":{"start":{"line":14,"column":7},"end":{"line":31,"column":9}},"7":{"start":{"line":15,"column":10},"end":{"line":15,"column":27}},"8":{"start":{"line":16,"column":12},"end":{"line":16,"column":120}},"9":{"start":{"line":16,"column":54},"end":{"line":16,"column":118}},"10":{"start":{"line":18,"column":12},"end":{"line":18,"column":118}},"11":{"start":{"line":18,"column":54},"end":{"line":18,"column":116}},"12":{"start":{"line":19,"column":12},"end":{"line":19,"column":84}},"13":{"start":{"line":19,"column":34},"end":{"line":19,"column":82}},"14":{"start":{"line":24,"column":12},"end":{"line":24,"column":34}},"15":{"start":{"line":27,"column":12},"end":{"line":30,"column":14}},"16":{"start":{"line":27,"column":21},"end":{"line":27,"column":45}},"17":{"start":{"line":37,"column":0},"end":{"line":37,"column":37}}},"fnMap":{"0":{"name":"(anonymous_0)","decl":{"start":{"line":3,"column":29},"end":{"line":3,"column":30}},"loc":{"start":{"line":3,"column":70},"end":{"line":35,"column":1}},"line":3}},"branchMap":{"0":{"loc":{"start":{"line":16,"column":12},"end":{"line":16,"column":120}},"type":"if","locations":[{"start":{"line":16,"column":12},"end":{"line":16,"column":120}},{"start":{},"end":{}}],"line":16},"1":{"loc":{"start":{"line":16,"column":16},"end":{"line":16,"column":50}},"type":"binary-expr","locations":[{"start":{"line":16,"column":16},"end":{"line":16,"column":31}},{"start":{"line":16,"column":35},"end":{"line":16,"column":50}}],"line":16},"2":{"loc":{"start":{"line":18,"column":12},"end":{"line":18,"column":118}},"type":"if","locations":[{"start":{"line":18,"column":12},"end":{"line":18,"column":118}},{"start":{},"end":{}}],"line":18},"3":{"loc":{"start":{"line":18,"column":16},"end":{"line":18,"column":50}},"type":"binary-expr","locations":[{"start":{"line":18,"column":16},"end":{"line":18,"column":31}},{"start":{"line":18,"column":35},"end":{"line":18,"column":50}}],"line":18},"4":{"loc":{"start":{"line":19,"column":12},"end":{"line":19,"column":84}},"type":"if","locations":[{"start":{"line":19,"column":12},"end":{"line":19,"column":84}},{"start":{},"end":{}}],"line":19},"5":{"loc":{"start":{"line":27,"column":12},"end":{"line":30,"column":14}},"type":"if","locations":[{"start":{"line":27,"column":12},"end":{"line":30,"column":14}},{"start":{},"end":{}}],"line":27}},"s":{"0":1,"1":4,"2":4,"3":4,"4":4,"5":8,"6":8,"7":8,"8":3,"9":2,"10":3,"11":0,"12":3,"13":0,"14":3,"15":5,"16":5,"17":1},"f":{"0":4},"b":{"0":[2,1],"1":[3,3],"2":[0,3],"3":[3,3],"4":[0,3],"5":[5,0]},"_coverageSchema":"1a1c01bbd47fc00a2c39e90264f33305004495a9","hash":"2ade74b61f124705cdf066af190b9bf5f87481da"}
,"C:\\Users\\Computer\\Desktop\\New folder (3)\\functions\\configValidating\\checkConfigParameters.js": {"path":"C:\\Users\\Computer\\Desktop\\New folder (3)\\functions\\configValidating\\checkConfigParameters.js","statementMap":{"0":{"start":{"line":1,"column":22},"end":{"line":1,"column":59}},"1":{"start":{"line":2,"column":28},"end":{"line":10,"column":1}},"2":{"start":{"line":5,"column":4},"end":{"line":5,"column":110}},"3":{"start":{"line":5,"column":30},"end":{"line":5,"column":108}},"4":{"start":{"line":6,"column":4},"end":{"line":6,"column":173}},"5":{"start":{"line":6,"column":50},"end":{"line":6,"column":171}},"6":{"start":{"line":6,"column":92},"end":{"line":6,"column":169}},"7":{"start":{"line":7,"column":4},"end":{"line":7,"column":136}},"8":{"start":{"line":7,"column":51},"end":{"line":7,"column":134}},"9":{"start":{"line":9,"column":4},"end":{"line":9,"column":182}},"10":{"start":{"line":9,"column":107},"end":{"line":9,"column":180}},"11":{"start":{"line":12,"column":0},"end":{"line":12,"column":36}}},"fnMap":{"0":{"name":"(anonymous_0)","decl":{"start":{"line":2,"column":28},"end":{"line":2,"column":29}},"loc":{"start":{"line":2,"column":40},"end":{"line":10,"column":1}},"line":2}},"branchMap":{"0":{"loc":{"start":{"line":5,"column":4},"end":{"line":5,"column":110}},"type":"if","locations":[{"start":{"line":5,"column":4},"end":{"line":5,"column":110}},{"start":{},"end":{}}],"line":5},"1":{"loc":{"start":{"line":6,"column":4},"end":{"line":6,"column":173}},"type":"if","locations":[{"start":{"line":6,"column":4},"end":{"line":6,"column":173}},{"start":{},"end":{}}],"line":6},"2":{"loc":{"start":{"line":6,"column":8},"end":{"line":6,"column":46}},"type":"binary-expr","locations":[{"start":{"line":6,"column":8},"end":{"line":6,"column":25}},{"start":{"line":6,"column":29},"end":{"line":6,"column":46}}],"line":6},"3":{"loc":{"start":{"line":6,"column":50},"end":{"line":6,"column":171}},"type":"if","locations":[{"start":{"line":6,"column":50},"end":{"line":6,"column":171}},{"start":{},"end":{}}],"line":6},"4":{"loc":{"start":{"line":6,"column":54},"end":{"line":6,"column":88}},"type":"binary-expr","locations":[{"start":{"line":6,"column":54},"end":{"line":6,"column":69}},{"start":{"line":6,"column":73},"end":{"line":6,"column":88}}],"line":6},"5":{"loc":{"start":{"line":7,"column":4},"end":{"line":7,"column":136}},"type":"if","locations":[{"start":{"line":7,"column":4},"end":{"line":7,"column":136}},{"start":{},"end":{}}],"line":7},"6":{"loc":{"start":{"line":7,"column":8},"end":{"line":7,"column":47}},"type":"binary-expr","locations":[{"start":{"line":7,"column":8},"end":{"line":7,"column":25}},{"start":{"line":7,"column":29},"end":{"line":7,"column":47}}],"line":7},"7":{"loc":{"start":{"line":9,"column":4},"end":{"line":9,"column":182}},"type":"if","locations":[{"start":{"line":9,"column":4},"end":{"line":9,"column":182}},{"start":{},"end":{}}],"line":9},"8":{"loc":{"start":{"line":9,"column":8},"end":{"line":9,"column":103}},"type":"binary-expr","locations":[{"start":{"line":9,"column":8},"end":{"line":9,"column":24}},{"start":{"line":9,"column":28},"end":{"line":9,"column":44}},{"start":{"line":9,"column":48},"end":{"line":9,"column":63}},{"start":{"line":9,"column":67},"end":{"line":9,"column":83}},{"start":{"line":9,"column":87},"end":{"line":9,"column":103}}],"line":9}},"s":{"0":1,"1":1,"2":4,"3":1,"4":3,"5":1,"6":1,"7":2,"8":1,"9":1,"10":1,"11":1},"f":{"0":4},"b":{"0":[1,3],"1":[1,2],"2":[3,2],"3":[1,0],"4":[1,1],"5":[1,1],"6":[2,1],"7":[1,0],"8":[1,1,1,1,1]},"_coverageSchema":"1a1c01bbd47fc00a2c39e90264f33305004495a9","hash":"08ffc431fe0097b29636623e9f5470a1b13e7ce1"}
,"C:\\Users\\Computer\\Desktop\\New folder (3)\\functions\\configValidating\\checkExistenceConfig.js": {"path":"C:\\Users\\Computer\\Desktop\\New folder (3)\\functions\\configValidating\\checkExistenceConfig.js","statementMap":{"0":{"start":{"line":3,"column":27},"end":{"line":9,"column":1}},"1":{"start":{"line":5,"column":4},"end":{"line":5,"column":79}},"2":{"start":{"line":5,"column":17},"end":{"line":5,"column":77}},"3":{"start":{"line":6,"column":4},"end":{"line":6,"column":81}},"4":{"start":{"line":6,"column":16},"end":{"line":6,"column":79}},"5":{"start":{"line":7,"column":4},"end":{"line":7,"column":84}},"6":{"start":{"line":7,"column":17},"end":{"line":7,"column":82}},"7":{"start":{"line":10,"column":0},"end":{"line":10,"column":35}}},"fnMap":{"0":{"name":"(anonymous_0)","decl":{"start":{"line":3,"column":27},"end":{"line":3,"column":28}},"loc":{"start":{"line":3,"column":63},"end":{"line":9,"column":1}},"line":3}},"branchMap":{"0":{"loc":{"start":{"line":5,"column":4},"end":{"line":5,"column":79}},"type":"if","locations":[{"start":{"line":5,"column":4},"end":{"line":5,"column":79}},{"start":{},"end":{}}],"line":5},"1":{"loc":{"start":{"line":6,"column":4},"end":{"line":6,"column":81}},"type":"if","locations":[{"start":{"line":6,"column":4},"end":{"line":6,"column":81}},{"start":{},"end":{}}],"line":6},"2":{"loc":{"start":{"line":7,"column":4},"end":{"line":7,"column":84}},"type":"if","locations":[{"start":{"line":7,"column":4},"end":{"line":7,"column":84}},{"start":{},"end":{}}],"line":7}},"s":{"0":1,"1":3,"2":1,"3":2,"4":1,"5":2,"6":1,"7":1},"f":{"0":3},"b":{"0":[1,2],"1":[1,1],"2":[1,1]},"_coverageSchema":"1a1c01bbd47fc00a2c39e90264f33305004495a9","hash":"c7f7194fd62920aff758607628ad559527ce3b43"}
}
