TN:
SF:Cipers\ceasar.js
FN:10,(anonymous_0)
FN:15,(anonymous_1)
FNF:2
FNH:1
FNDA:2,(anonymous_0)
FNDA:0,(anonymous_1)
DA:1,1
DA:3,1
DA:10,1
DA:11,2
DA:13,0
DA:20,0
DA:22,0
DA:26,0
DA:27,0
DA:30,0
DA:37,1
LF:11
LH:5
BRDA:20,0,0,0
BRDA:20,0,1,0
BRDA:20,1,0,0
BRDA:20,1,1,0
BRDA:26,2,0,0
BRDA:26,2,1,0
BRDA:26,3,0,0
BRDA:26,3,1,0
BRF:8
BRH:0
end_of_record
TN:
SF:Cipers\ceasarEncryptionLogic.js
FN:2,(anonymous_0)
FN:9,(anonymous_1)
FN:25,(anonymous_2)
FN:33,(anonymous_3)
FN:94,(anonymous_4)
FNF:5
FNH:5
FNDA:3,(anonymous_0)
FNDA:9,(anonymous_1)
FNDA:14,(anonymous_2)
FNDA:2,(anonymous_3)
FNDA:1,(anonymous_4)
DA:4,3
DA:5,3
DA:12,9
DA:13,2
DA:14,2
DA:19,7
DA:20,7
DA:26,14
DA:34,2
DA:38,2
DA:42,2
DA:44,14
DA:45,5
DA:46,5
DA:49,9
DA:52,9
DA:56,9
DA:58,5
DA:59,1
DA:62,5
DA:63,4
DA:72,9
DA:74,4
DA:75,2
DA:80,4
DA:81,2
DA:88,2
DA:95,1
DA:97,1
DA:104,2
LF:30
LH:30
BRDA:12,0,0,2
BRDA:12,0,1,7
BRDA:44,1,0,5
BRDA:44,1,1,9
BRDA:56,2,0,5
BRDA:56,2,1,4
BRDA:58,3,0,1
BRDA:58,3,1,4
BRDA:62,4,0,4
BRDA:62,4,1,1
BRDA:72,5,0,4
BRDA:72,5,1,5
BRDA:74,6,0,2
BRDA:74,6,1,2
BRDA:80,7,0,2
BRDA:80,7,1,2
BRF:16
BRH:16
end_of_record
TN:
SF:Cipers\rot8.js
FN:4,(anonymous_0)
FN:9,(anonymous_1)
FNF:2
FNH:1
FNDA:2,(anonymous_0)
FNDA:0,(anonymous_1)
DA:1,1
DA:2,1
DA:4,1
DA:5,2
DA:7,2
DA:11,0
DA:12,0
DA:16,0
DA:26,1
LF:9
LH:6
BRDA:4,0,0,2
BRDA:11,1,0,0
BRDA:11,1,1,0
BRDA:12,2,0,0
BRDA:12,2,1,0
BRF:5
BRH:1
end_of_record
TN:
SF:Errors\ArumentsError.js
FN:2,(anonymous_0)
FNF:1
FNH:1
FNDA:1,(anonymous_0)
DA:3,1
DA:4,1
DA:5,1
DA:13,1
LF:4
LH:4
BRF:0
BRH:0
end_of_record
TN:
SF:functions\configValidating\PushFunctionsToArray.js
FN:3,(anonymous_0)
FNF:1
FNH:1
FNDA:4,(anonymous_0)
DA:3,1
DA:4,4
DA:8,4
DA:11,4
DA:12,10
DA:14,10
DA:15,10
DA:16,5
DA:18,3
DA:19,3
DA:24,3
DA:27,7
DA:37,1
LF:13
LH:13
BRDA:16,0,0,2
BRDA:16,0,1,3
BRDA:16,1,0,5
BRDA:16,1,1,5
BRDA:18,2,0,0
BRDA:18,2,1,3
BRDA:18,3,0,3
BRDA:18,3,1,3
BRDA:19,4,0,2
BRDA:19,4,1,1
BRDA:27,5,0,7
BRDA:27,5,1,0
BRF:12
BRH:10
end_of_record
TN:
SF:functions\configValidating\checkExistenceConfig.js
FN:3,(anonymous_0)
FNF:1
FNH:1
FNDA:3,(anonymous_0)
DA:3,1
DA:5,3
DA:6,2
DA:7,2
DA:10,1
LF:5
LH:5
BRDA:5,0,0,1
BRDA:5,0,1,2
BRDA:6,1,0,1
BRDA:6,1,1,1
BRDA:7,2,0,1
BRDA:7,2,1,1
BRF:6
BRH:6
end_of_record
