TN:
SF:MyCliLibrary.js
FN:8,requiredOptionsHandler
FN:10,(anonymous_1)
FNF:2
FNH:2
FNDA:4,requiredOptionsHandler
FNDA:16,(anonymous_1)
DA:1,1
DA:2,1
DA:9,4
DA:10,16
DA:11,4
DA:13,4
DA:14,3
DA:16,3
DA:19,3
DA:20,2
DA:23,2
DA:24,1
DA:28,3
DA:40,1
LF:14
LH:14
BRDA:10,0,0,16
BRDA:10,0,1,11
BRDA:13,1,0,1
BRDA:13,1,1,3
BRDA:14,2,0,0
BRDA:14,2,1,3
BRDA:19,3,0,2
BRDA:19,3,1,1
BRDA:20,4,0,1
BRDA:20,4,1,1
BRDA:23,5,0,1
BRDA:23,5,1,1
BRF:12
BRH:11
end_of_record
TN:
SF:streams.js
FN:12,(anonymous_0)
FN:51,(anonymous_1)
FNF:2
FNH:1
FNDA:2,(anonymous_0)
FNDA:0,(anonymous_1)
DA:2,1
DA:3,1
DA:4,1
DA:7,1
DA:8,1
DA:12,1
DA:14,2
DA:15,2
DA:19,2
DA:20,2
DA:22,1
DA:23,0
DA:24,0
DA:25,1
DA:29,1
DA:30,1
DA:31,0
DA:32,0
DA:37,1
DA:43,2
DA:44,2
DA:46,0
DA:51,0
DA:68,1
LF:24
LH:18
BRDA:20,0,0,1
BRDA:20,0,1,1
BRDA:22,1,0,0
BRDA:22,1,1,1
BRDA:29,2,0,0
BRDA:29,2,1,1
BRDA:30,3,0,0
BRDA:30,3,1,1
BRF:8
BRH:5
end_of_record
TN:
SF:Cipers\ceasarEncryptionLogic.js
FN:2,(anonymous_0)
FN:9,(anonymous_1)
FN:25,(anonymous_2)
FN:33,(anonymous_3)
FN:94,(anonymous_4)
FNF:5
FNH:5
FNDA:1,(anonymous_0)
FNDA:9,(anonymous_1)
FNDA:14,(anonymous_2)
FNDA:2,(anonymous_3)
FNDA:1,(anonymous_4)
DA:4,1
DA:5,1
DA:12,9
DA:13,2
DA:14,2
DA:19,7
DA:20,7
DA:26,14
DA:34,2
DA:38,2
DA:42,2
DA:44,14
DA:45,5
DA:46,5
DA:49,9
DA:52,9
DA:56,9
DA:58,5
DA:59,1
DA:62,5
DA:63,4
DA:72,9
DA:74,4
DA:75,2
DA:80,4
DA:81,2
DA:88,2
DA:95,1
DA:97,1
DA:104,2
LF:30
LH:30
BRDA:12,0,0,2
BRDA:12,0,1,7
BRDA:44,1,0,5
BRDA:44,1,1,9
BRDA:56,2,0,5
BRDA:56,2,1,4
BRDA:58,3,0,1
BRDA:58,3,1,4
BRDA:62,4,0,4
BRDA:62,4,1,1
BRDA:72,5,0,4
BRDA:72,5,1,5
BRDA:74,6,0,2
BRDA:74,6,1,2
BRDA:80,7,0,2
BRDA:80,7,1,2
BRF:16
BRH:16
end_of_record
TN:
SF:Errors\ArumentsError.js
FN:2,(anonymous_0)
FNF:1
FNH:1
FNDA:5,(anonymous_0)
DA:3,5
DA:4,5
DA:5,5
DA:13,2
LF:4
LH:4
BRF:0
BRH:0
end_of_record
TN:
SF:Errors\MyCliError.js
FN:2,(anonymous_0)
FNF:1
FNH:1
FNDA:3,(anonymous_0)
DA:3,3
DA:4,3
DA:5,3
DA:11,1
LF:4
LH:4
BRF:0
BRH:0
end_of_record
TN:
SF:Errors\PathError.js
FN:2,(anonymous_0)
FNF:1
FNH:1
FNDA:2,(anonymous_0)
DA:3,2
DA:4,2
DA:5,2
DA:11,1
LF:4
LH:4
BRF:0
BRH:0
end_of_record
TN:
SF:functions\configValidating\PushFunctionsToArray.js
FN:3,(anonymous_0)
FNF:1
FNH:1
FNDA:4,(anonymous_0)
DA:3,1
DA:4,4
DA:8,4
DA:11,4
DA:12,8
DA:14,8
DA:15,8
DA:16,3
DA:18,3
DA:19,3
DA:24,3
DA:27,5
DA:37,1
LF:13
LH:13
BRDA:16,0,0,2
BRDA:16,0,1,1
BRDA:16,1,0,3
BRDA:16,1,1,3
BRDA:18,2,0,0
BRDA:18,2,1,3
BRDA:18,3,0,3
BRDA:18,3,1,3
BRDA:19,4,0,0
BRDA:19,4,1,3
BRDA:27,5,0,5
BRDA:27,5,1,0
BRF:12
BRH:9
end_of_record
TN:
SF:functions\configValidating\checkConfigParameters.js
FN:2,(anonymous_0)
FNF:1
FNH:1
FNDA:4,(anonymous_0)
DA:1,1
DA:2,1
DA:5,4
DA:6,3
DA:7,2
DA:9,1
DA:12,1
LF:7
LH:7
BRDA:5,0,0,1
BRDA:5,0,1,3
BRDA:6,1,0,1
BRDA:6,1,1,2
BRDA:6,2,0,3
BRDA:6,2,1,2
BRDA:6,3,0,1
BRDA:6,3,1,0
BRDA:6,4,0,1
BRDA:6,4,1,1
BRDA:7,5,0,1
BRDA:7,5,1,1
BRDA:7,6,0,2
BRDA:7,6,1,1
BRDA:9,7,0,1
BRDA:9,7,1,0
BRDA:9,8,0,1
BRDA:9,8,1,1
BRDA:9,8,2,1
BRDA:9,8,3,1
BRDA:9,8,4,1
BRF:21
BRH:19
end_of_record
TN:
SF:functions\configValidating\checkExistenceConfig.js
FN:3,(anonymous_0)
FNF:1
FNH:1
FNDA:3,(anonymous_0)
DA:3,1
DA:5,3
DA:6,2
DA:7,2
DA:10,1
LF:5
LH:5
BRDA:5,0,0,1
BRDA:5,0,1,2
BRDA:6,1,0,1
BRDA:6,1,1,1
BRDA:7,2,0,1
BRDA:7,2,1,1
BRF:6
BRH:6
end_of_record
